     1                                  bits 32
     2                                  global start
     3                                  
     4                                  
     5                                  extern exit, printf
     6                                  import exit msvcrt.dll
     7                                  import printf msvcrt.dll
     8                                  
     9                                  
    10                                  segment data use32 class=data
    11 00000000 257800                      format_hexa db "%x", 0
    12                                      
    13                                  segment code use32 class=code
    14                                  
    15                                  print_in_base16:
    16                                      ;;int print_in_base16(int number);
    17                                      
    18 00000000 FF742404                    push dword [ESP+4] 
    19 00000004 68[00000000]                push dword format_hexa 
    20 00000009 FF15[00000000]              call [printf]
    21 0000000F 83C408                      add ESP, 4*2
    22                                      
    23 00000012 C20400                      ret 4*1
    24                                  
    25                                      
    26                                  ;;print_in_base2:
    27                                  
    28                                  ;;    .repeat:
    29                                          
    30                                          
    31                                  ;;    loop .repeat
    32                                  
    33                                  ;;    ret
    34                                      
    35                                      
    36                                  start:
    37                                      
    38                                      ;;push dword 38
    39                                      ;;call print_in_base16
    40                                  
    41 00000015 F9                          stc 
    42                                      push dword CF
    42          ******************       error: symbol `CF' undefined
    43                                      push dword format
    43          ******************       error: symbol `format' undefined
    44 00000016 FF15[00000000]              call [printf]
    45 0000001C 83C408                      add ESP, 4*2;
    46                                      
    47 0000001F 6A00                        push dword 0
    48 00000021 FF15[00000000]              call [exit]
